2025-06-06 04:23:43, Error                        EnumeratePathEx: FindFirstFile failed for [\\?\C:\$Windows.~BT\*]; GLE = 0x3[gle=0x00000003]
2025-06-06 04:23:51, Error                        EnumeratePathEx: FindFirstFile failed for [\\?\C:\$WINDOWS.~Q\*]; GLE = 0x3[gle=0x00000003]
2025-06-06 04:23:51, Error                        EnumeratePathEx: FindFirstFile failed for [\\?\C:\$INPLACE.~TR\*]; GLE = 0x3[gle=0x00000003]
2025-06-06 04:23:51, Error                        EnumeratePathEx: FindFirstFile failed for [\\?\C:\$Windows.~LS\*]; GLE = 0x3[gle=0x00000003]
2025-06-06 04:23:52, Error                        EnumeratePathEx: FindFirstFile failed for [\\?\C:\ESD\Windows\*]; GLE = 0x3[gle=0x00000003]
2025-06-06 04:23:52, Error                        EnumeratePathEx: FindFirstFile failed for [\\?\C:\$Windows.~WS\*]; GLE = 0x3[gle=0x00000003]
2025-06-06 04:23:52, Error                        EnumeratePathEx: FindFirstFile failed for [\\?\C:\ESD\Download\*]; GLE = 0x3[gle=0x00000003]
2025-06-06 23:48:03, Error                        EnumeratePathEx: FindFirstFile failed for [\\?\C:\$Windows.~BT\*]; GLE = 0x3[gle=0x00000003]
2025-06-06 23:48:07, Error                        EnumeratePathEx: FindFirstFile failed for [\\?\C:\$WINDOWS.~Q\*]; GLE = 0x3[gle=0x00000003]
2025-06-06 23:48:07, Error                        EnumeratePathEx: FindFirstFile failed for [\\?\C:\$INPLACE.~TR\*]; GLE = 0x3[gle=0x00000003]
2025-06-06 23:48:07, Error                        EnumeratePathEx: FindFirstFile failed for [\\?\C:\$Windows.~LS\*]; GLE = 0x3[gle=0x00000003]
2025-06-06 23:48:07, Error                        EnumeratePathEx: FindFirstFile failed for [\\?\C:\ESD\Windows\*]; GLE = 0x3[gle=0x00000003]
2025-06-06 23:48:07, Error                        EnumeratePathEx: FindFirstFile failed for [\\?\C:\$Windows.~WS\*]; GLE = 0x3[gle=0x00000003]
2025-06-06 23:48:07, Error                        EnumeratePathEx: FindFirstFile failed for [\\?\C:\ESD\Download\*]; GLE = 0x3[gle=0x00000003]
2025-06-21 11:26:55, Error                        EnumeratePathEx: FindFirstFile failed for [\\?\C:\$Windows.~BT\*]; GLE = 0x3[gle=0x00000003]
2025-06-21 11:29:52, Error                        EnumeratePathEx: FindFirstFile failed for [\\?\C:\$WINDOWS.~Q\*]; GLE = 0x3[gle=0x00000003]
2025-06-21 11:29:56, Error                        EnumeratePathEx: FindFirstFile failed for [\\?\C:\$INPLACE.~TR\*]; GLE = 0x3[gle=0x00000003]
2025-06-21 11:29:56, Error                        EnumeratePathEx: FindFirstFile failed for [\\?\C:\$Windows.~LS\*]; GLE = 0x3[gle=0x00000003]
2025-06-21 13:50:14, Error                        EnumeratePathEx: FindFirstFile failed for [\\?\C:\$Windows.~BT\*]; GLE = 0x3[gle=0x00000003]
2025-06-21 13:57:20, Error                        EnumeratePathEx: FindFirstFile failed for [\\?\C:\$Windows.~BT\*]; GLE = 0x3[gle=0x00000003]
2025-06-21 13:59:05, Error                        EnumeratePathEx: FindFirstFile failed for [\\?\C:\$WINDOWS.~Q\*]; GLE = 0x3[gle=0x00000003]
2025-06-21 13:59:05, Error                        EnumeratePathEx: FindFirstFile failed for [\\?\C:\$INPLACE.~TR\*]; GLE = 0x3[gle=0x00000003]
2025-06-21 13:59:05, Error                        EnumeratePathEx: FindFirstFile failed for [\\?\C:\$Windows.~LS\*]; GLE = 0x3[gle=0x00000003]
2025-06-21 13:59:13, Error                        EnumeratePathEx: FindFirstFile failed for [\\?\C:\ESD\Windows\*]; GLE = 0x3[gle=0x00000003]
2025-06-21 13:59:13, Error                        EnumeratePathEx: FindFirstFile failed for [\\?\C:\$Windows.~WS\*]; GLE = 0x3[gle=0x00000003]
2025-06-21 13:59:13, Error                        EnumeratePathEx: FindFirstFile failed for [\\?\C:\ESD\Download\*]; GLE = 0x3[gle=0x00000003]
2025-06-22 20:43:41, Error                        EnumeratePathEx: FindFirstFile failed for [\\?\C:\$Windows.~BT\*]; GLE = 0x3[gle=0x00000003]
2025-06-22 20:44:06, Error                        EnumeratePathEx: FindFirstFile failed for [\\?\C:\$WINDOWS.~Q\*]; GLE = 0x3[gle=0x00000003]
2025-06-22 20:44:06, Error                        EnumeratePathEx: FindFirstFile failed for [\\?\C:\$INPLACE.~TR\*]; GLE = 0x3[gle=0x00000003]
2025-06-22 20:44:06, Error                        EnumeratePathEx: FindFirstFile failed for [\\?\C:\$Windows.~LS\*]; GLE = 0x3[gle=0x00000003]
2025-06-22 20:44:07, Error                        EnumeratePathEx: FindFirstFile failed for [\\?\C:\ESD\Windows\*]; GLE = 0x3[gle=0x00000003]
2025-06-22 20:44:07, Error                        EnumeratePathEx: FindFirstFile failed for [\\?\C:\$Windows.~WS\*]; GLE = 0x3[gle=0x00000003]
2025-06-22 20:44:07, Error                        EnumeratePathEx: FindFirstFile failed for [\\?\C:\ESD\Download\*]; GLE = 0x3[gle=0x00000003]
2025-06-22 20:49:08, Error                        EnumeratePathEx: FindFirstFile failed for [\\?\C:\$Windows.~BT\*]; GLE = 0x3[gle=0x00000003]
2025-06-22 20:50:32, Error                        EnumeratePathEx: FindFirstFile failed for [\\?\C:\$WINDOWS.~Q\*]; GLE = 0x3[gle=0x00000003]
2025-06-22 20:50:32, Error                        EnumeratePathEx: FindFirstFile failed for [\\?\C:\$INPLACE.~TR\*]; GLE = 0x3[gle=0x00000003]
2025-06-22 20:50:32, Error                        EnumeratePathEx: FindFirstFile failed for [\\?\C:\$Windows.~LS\*]; GLE = 0x3[gle=0x00000003]
2025-06-22 20:50:51, Error                        EnumeratePathEx: FindFirstFile failed for [\\?\C:\ESD\Windows\*]; GLE = 0x3[gle=0x00000003]
2025-06-22 20:50:51, Error                        EnumeratePathEx: FindFirstFile failed for [\\?\C:\$Windows.~WS\*]; GLE = 0x3[gle=0x00000003]
2025-06-22 20:50:51, Error                        EnumeratePathEx: FindFirstFile failed for [\\?\C:\ESD\Download\*]; GLE = 0x3[gle=0x00000003]
2025-06-24 08:14:35, Error                        EnumeratePathEx: FindFirstFile failed for [\\?\C:\$Windows.~BT\*]; GLE = 0x3[gle=0x00000003]
2025-06-24 08:14:46, Error                        EnumeratePathEx: FindFirstFile failed for [\\?\C:\$WINDOWS.~Q\*]; GLE = 0x3[gle=0x00000003]
2025-06-24 08:14:46, Error                        EnumeratePathEx: FindFirstFile failed for [\\?\C:\$INPLACE.~TR\*]; GLE = 0x3[gle=0x00000003]
2025-06-24 08:14:46, Error                        EnumeratePathEx: FindFirstFile failed for [\\?\C:\$Windows.~LS\*]; GLE = 0x3[gle=0x00000003]
2025-06-24 08:14:47, Error                        EnumeratePathEx: FindFirstFile failed for [\\?\C:\ESD\Windows\*]; GLE = 0x3[gle=0x00000003]
2025-06-24 08:14:47, Error                        EnumeratePathEx: FindFirstFile failed for [\\?\C:\$Windows.~WS\*]; GLE = 0x3[gle=0x00000003]
2025-06-24 08:14:47, Error                        EnumeratePathEx: FindFirstFile failed for [\\?\C:\ESD\Download\*]; GLE = 0x3[gle=0x00000003]
2025-06-25 07:11:07, Error                        EnumeratePathEx: FindFirstFile failed for [\\?\C:\$Windows.~BT\*]; GLE = 0x3[gle=0x00000003]
2025-06-25 07:11:24, Error                        EnumeratePathEx: FindFirstFile failed for [\\?\C:\$WINDOWS.~Q\*]; GLE = 0x3[gle=0x00000003]
2025-06-25 07:11:24, Error                        EnumeratePathEx: FindFirstFile failed for [\\?\C:\$INPLACE.~TR\*]; GLE = 0x3[gle=0x00000003]
2025-06-25 07:11:24, Error                        EnumeratePathEx: FindFirstFile failed for [\\?\C:\$Windows.~LS\*]; GLE = 0x3[gle=0x00000003]
2025-06-25 07:11:24, Error                        EnumeratePathEx: FindFirstFile failed for [\\?\C:\ESD\Windows\*]; GLE = 0x3[gle=0x00000003]
2025-06-25 07:11:24, Error                        EnumeratePathEx: FindFirstFile failed for [\\?\C:\$Windows.~WS\*]; GLE = 0x3[gle=0x00000003]
2025-06-25 07:11:24, Error                        EnumeratePathEx: FindFirstFile failed for [\\?\C:\ESD\Download\*]; GLE = 0x3[gle=0x00000003]
2025-06-27 04:37:29, Error                        EnumeratePathEx: FindFirstFile failed for [\\?\C:\$Windows.~BT\*]; GLE = 0x3[gle=0x00000003]
2025-06-27 17:11:18, Error                        EnumeratePathEx: FindFirstFile failed for [\\?\C:\$Windows.~BT\*]; GLE = 0x3[gle=0x00000003]
2025-06-27 19:41:16, Error                        EnumeratePathEx: FindFirstFile failed for [\\?\C:\$Windows.~BT\*]; GLE = 0x3[gle=0x00000003]
2025-06-27 19:45:25, Error                        EnumeratePathEx: FindFirstFile failed for [\\?\C:\$WINDOWS.~Q\*]; GLE = 0x3[gle=0x00000003]
2025-06-27 19:45:25, Error                        EnumeratePathEx: FindFirstFile failed for [\\?\C:\$INPLACE.~TR\*]; GLE = 0x3[gle=0x00000003]
2025-06-27 19:45:26, Error                        EnumeratePathEx: FindFirstFile failed for [\\?\C:\$Windows.~LS\*]; GLE = 0x3[gle=0x00000003]
2025-06-27 19:45:39, Error                        EnumeratePathEx: FindFirstFile failed for [\\?\C:\ESD\Windows\*]; GLE = 0x3[gle=0x00000003]
2025-06-27 19:45:39, Error                        EnumeratePathEx: FindFirstFile failed for [\\?\C:\$Windows.~WS\*]; GLE = 0x3[gle=0x00000003]
2025-06-27 19:45:39, Error                        EnumeratePathEx: FindFirstFile failed for [\\?\C:\ESD\Download\*]; GLE = 0x3[gle=0x00000003]
2025-06-27 20:03:50, Error                        EnumeratePathEx: FindFirstFile failed for [\\?\C:\$Windows.~BT\*]; GLE = 0x3[gle=0x00000003]
2025-06-27 20:07:16, Error                        EnumeratePathEx: FindFirstFile failed for [\\?\C:\$WINDOWS.~Q\*]; GLE = 0x3[gle=0x00000003]
2025-06-27 20:07:16, Error                        EnumeratePathEx: FindFirstFile failed for [\\?\C:\$INPLACE.~TR\*]; GLE = 0x3[gle=0x00000003]
2025-06-27 20:07:16, Error                        EnumeratePathEx: FindFirstFile failed for [\\?\C:\$Windows.~LS\*]; GLE = 0x3[gle=0x00000003]
2025-06-27 20:07:25, Error                        EnumeratePathEx: FindFirstFile failed for [\\?\C:\ESD\Windows\*]; GLE = 0x3[gle=0x00000003]
2025-06-27 20:07:26, Error                        EnumeratePathEx: FindFirstFile failed for [\\?\C:\$Windows.~WS\*]; GLE = 0x3[gle=0x00000003]
2025-06-27 20:07:26, Error                        EnumeratePathEx: FindFirstFile failed for [\\?\C:\ESD\Download\*]; GLE = 0x3[gle=0x00000003]
2025-06-28 11:33:05, Error                        EnumeratePathEx: FindFirstFile failed for [\\?\C:\$Windows.~BT\*]; GLE = 0x3[gle=0x00000003]
2025-07-03 01:06:52, Error                        EnumeratePathEx: FindFirstFile failed for [\\?\C:\$Windows.~BT\*]; GLE = 0x3[gle=0x00000003]
2025-07-03 01:07:48, Error                        EnumeratePathEx: FindFirstFile failed for [\\?\C:\$WINDOWS.~Q\*]; GLE = 0x3[gle=0x00000003]
2025-07-03 01:07:49, Error                        EnumeratePathEx: FindFirstFile failed for [\\?\C:\$INPLACE.~TR\*]; GLE = 0x3[gle=0x00000003]
2025-07-03 01:07:49, Error                        EnumeratePathEx: FindFirstFile failed for [\\?\C:\$Windows.~LS\*]; GLE = 0x3[gle=0x00000003]
2025-07-03 01:07:53, Error                        EnumeratePathEx: FindFirstFile failed for [\\?\C:\ESD\Windows\*]; GLE = 0x3[gle=0x00000003]
2025-07-03 01:07:53, Error                        EnumeratePathEx: FindFirstFile failed for [\\?\C:\$Windows.~WS\*]; GLE = 0x3[gle=0x00000003]
2025-07-03 01:07:53, Error                        EnumeratePathEx: FindFirstFile failed for [\\?\C:\ESD\Download\*]; GLE = 0x3[gle=0x00000003]
2025-07-03 02:47:11, Error                        EnumeratePathEx: FindFirstFile failed for [\\?\C:\$Windows.~BT\*]; GLE = 0x3[gle=0x00000003]
2025-07-03 02:47:53, Error                        EnumeratePathEx: FindFirstFile failed for [\\?\C:\$WINDOWS.~Q\*]; GLE = 0x3[gle=0x00000003]
2025-07-03 02:47:53, Error                        EnumeratePathEx: FindFirstFile failed for [\\?\C:\$INPLACE.~TR\*]; GLE = 0x3[gle=0x00000003]
2025-07-03 02:47:53, Error                        EnumeratePathEx: FindFirstFile failed for [\\?\C:\$Windows.~LS\*]; GLE = 0x3[gle=0x00000003]
2025-07-03 02:47:56, Error                        EnumeratePathEx: FindFirstFile failed for [\\?\C:\ESD\Windows\*]; GLE = 0x3[gle=0x00000003]
2025-07-03 02:47:56, Error                        EnumeratePathEx: FindFirstFile failed for [\\?\C:\$Windows.~WS\*]; GLE = 0x3[gle=0x00000003]
2025-07-03 02:47:56, Error                        EnumeratePathEx: FindFirstFile failed for [\\?\C:\ESD\Download\*]; GLE = 0x3[gle=0x00000003]
2025-07-03 04:46:43, Error                        EnumeratePathEx: FindFirstFile failed for [\\?\C:\$Windows.~BT\*]; GLE = 0x3[gle=0x00000003]
2025-07-03 04:46:56, Error                        EnumeratePathEx: FindFirstFile failed for [\\?\C:\$WINDOWS.~Q\*]; GLE = 0x3[gle=0x00000003]
2025-07-03 04:46:56, Error                        EnumeratePathEx: FindFirstFile failed for [\\?\C:\$INPLACE.~TR\*]; GLE = 0x3[gle=0x00000003]
2025-07-03 04:46:56, Error                        EnumeratePathEx: FindFirstFile failed for [\\?\C:\$Windows.~LS\*]; GLE = 0x3[gle=0x00000003]
2025-07-03 04:46:56, Error                        EnumeratePathEx: FindFirstFile failed for [\\?\C:\ESD\Windows\*]; GLE = 0x3[gle=0x00000003]
2025-07-03 04:46:56, Error                        EnumeratePathEx: FindFirstFile failed for [\\?\C:\$Windows.~WS\*]; GLE = 0x3[gle=0x00000003]
2025-07-03 04:46:56, Error                        EnumeratePathEx: FindFirstFile failed for [\\?\C:\ESD\Download\*]; GLE = 0x3[gle=0x00000003]
2025-07-07 18:28:06, Error                        EnumeratePathEx: FindFirstFile failed for [\\?\C:\$Windows.~BT\*]; GLE = 0x3[gle=0x00000003]
2025-07-07 19:30:44, Error                        EnumeratePathEx: FindFirstFile failed for [\\?\C:\$Windows.~BT\*]; GLE = 0x3[gle=0x00000003]
2025-07-07 19:32:27, Error                        EnumeratePathEx: FindFirstFile failed for [\\?\C:\$WINDOWS.~Q\*]; GLE = 0x3[gle=0x00000003]
2025-07-07 19:32:27, Error                        EnumeratePathEx: FindFirstFile failed for [\\?\C:\$INPLACE.~TR\*]; GLE = 0x3[gle=0x00000003]
2025-07-07 19:32:27, Error                        EnumeratePathEx: FindFirstFile failed for [\\?\C:\$Windows.~LS\*]; GLE = 0x3[gle=0x00000003]
2025-07-07 19:32:34, Error                        EnumeratePathEx: FindFirstFile failed for [\\?\C:\ESD\Windows\*]; GLE = 0x3[gle=0x00000003]
2025-07-07 19:32:34, Error                        EnumeratePathEx: FindFirstFile failed for [\\?\C:\$Windows.~WS\*]; GLE = 0x3[gle=0x00000003]
2025-07-07 19:32:34, Error                        EnumeratePathEx: FindFirstFile failed for [\\?\C:\ESD\Download\*]; GLE = 0x3[gle=0x00000003]
2025-07-07 21:19:09, Error                        EnumeratePathEx: FindFirstFile failed for [\\?\C:\$Windows.~BT\*]; GLE = 0x3[gle=0x00000003]
2025-07-07 21:19:34, Error                        EnumeratePathEx: FindFirstFile failed for [\\?\C:\$WINDOWS.~Q\*]; GLE = 0x3[gle=0x00000003]
2025-07-07 21:19:34, Error                        EnumeratePathEx: FindFirstFile failed for [\\?\C:\$INPLACE.~TR\*]; GLE = 0x3[gle=0x00000003]
2025-07-07 21:19:34, Error                        EnumeratePathEx: FindFirstFile failed for [\\?\C:\$Windows.~LS\*]; GLE = 0x3[gle=0x00000003]
2025-07-07 21:19:35, Error                        EnumeratePathEx: FindFirstFile failed for [\\?\C:\ESD\Windows\*]; GLE = 0x3[gle=0x00000003]
2025-07-07 21:19:35, Error                        EnumeratePathEx: FindFirstFile failed for [\\?\C:\$Windows.~WS\*]; GLE = 0x3[gle=0x00000003]
2025-07-07 21:19:35, Error                        EnumeratePathEx: FindFirstFile failed for [\\?\C:\ESD\Download\*]; GLE = 0x3[gle=0x00000003]
2025-07-07 22:13:00, Error                        EnumeratePathEx: FindFirstFile failed for [\\?\C:\$Windows.~BT\*]; GLE = 0x3[gle=0x00000003]
2025-07-07 22:13:12, Error                        EnumeratePathEx: FindFirstFile failed for [\\?\C:\$WINDOWS.~Q\*]; GLE = 0x3[gle=0x00000003]
2025-07-07 22:13:12, Error                        EnumeratePathEx: FindFirstFile failed for [\\?\C:\$INPLACE.~TR\*]; GLE = 0x3[gle=0x00000003]
2025-07-07 22:13:12, Error                        EnumeratePathEx: FindFirstFile failed for [\\?\C:\$Windows.~LS\*]; GLE = 0x3[gle=0x00000003]
2025-07-07 22:13:13, Error                        EnumeratePathEx: FindFirstFile failed for [\\?\C:\ESD\Windows\*]; GLE = 0x3[gle=0x00000003]
2025-07-07 22:13:13, Error                        EnumeratePathEx: FindFirstFile failed for [\\?\C:\$Windows.~WS\*]; GLE = 0x3[gle=0x00000003]
2025-07-07 22:13:13, Error                        EnumeratePathEx: FindFirstFile failed for [\\?\C:\ESD\Download\*]; GLE = 0x3[gle=0x00000003]
2025-07-09 04:04:07, Error                        EnumeratePathEx: FindFirstFile failed for [\\?\C:\$Windows.~BT\*]; GLE = 0x3[gle=0x00000003]
2025-07-09 04:04:40, Error                        EnumeratePathEx: FindFirstFile failed for [\\?\C:\$WINDOWS.~Q\*]; GLE = 0x3[gle=0x00000003]
2025-07-09 04:04:40, Error                        EnumeratePathEx: FindFirstFile failed for [\\?\C:\$INPLACE.~TR\*]; GLE = 0x3[gle=0x00000003]
2025-07-09 04:04:40, Error                        EnumeratePathEx: FindFirstFile failed for [\\?\C:\$Windows.~LS\*]; GLE = 0x3[gle=0x00000003]
2025-07-09 04:04:43, Error                        EnumeratePathEx: FindFirstFile failed for [\\?\C:\ESD\Windows\*]; GLE = 0x3[gle=0x00000003]
2025-07-09 04:04:43, Error                        EnumeratePathEx: FindFirstFile failed for [\\?\C:\$Windows.~WS\*]; GLE = 0x3[gle=0x00000003]
2025-07-09 04:04:43, Error                        EnumeratePathEx: FindFirstFile failed for [\\?\C:\ESD\Download\*]; GLE = 0x3[gle=0x00000003]
2025-07-12 20:55:18, Error                        EnumeratePathEx: FindFirstFile failed for [\\?\C:\$Windows.~BT\*]; GLE = 0x3[gle=0x00000003]
2025-07-12 20:55:51, Error                        EnumeratePathEx: FindFirstFile failed for [\\?\C:\$WINDOWS.~Q\*]; GLE = 0x3[gle=0x00000003]
2025-07-12 20:55:51, Error                        EnumeratePathEx: FindFirstFile failed for [\\?\C:\$INPLACE.~TR\*]; GLE = 0x3[gle=0x00000003]
2025-07-12 20:55:51, Error                        EnumeratePathEx: FindFirstFile failed for [\\?\C:\$Windows.~LS\*]; GLE = 0x3[gle=0x00000003]
2025-07-12 20:55:51, Error                        EnumeratePathEx: FindFirstFile failed for [\\?\C:\ESD\Windows\*]; GLE = 0x3[gle=0x00000003]
2025-07-12 20:55:51, Error                        EnumeratePathEx: FindFirstFile failed for [\\?\C:\$Windows.~WS\*]; GLE = 0x3[gle=0x00000003]
2025-07-12 20:55:51, Error                        EnumeratePathEx: FindFirstFile failed for [\\?\C:\ESD\Download\*]; GLE = 0x3[gle=0x00000003]
2025-07-12 21:15:14, Error                        EnumeratePathEx: FindFirstFile failed for [\\?\C:\$Windows.~BT\*]; GLE = 0x3[gle=0x00000003]
2025-07-12 21:15:17, Error                        EnumeratePathEx: FindFirstFile failed for [\\?\C:\$WINDOWS.~Q\*]; GLE = 0x3[gle=0x00000003]
2025-07-12 21:15:17, Error                        EnumeratePathEx: FindFirstFile failed for [\\?\C:\$INPLACE.~TR\*]; GLE = 0x3[gle=0x00000003]
2025-07-12 21:15:17, Error                        EnumeratePathEx: FindFirstFile failed for [\\?\C:\$Windows.~LS\*]; GLE = 0x3[gle=0x00000003]
2025-07-12 21:15:17, Error                        EnumeratePathEx: FindFirstFile failed for [\\?\C:\ESD\Windows\*]; GLE = 0x3[gle=0x00000003]
2025-07-12 21:15:17, Error                        EnumeratePathEx: FindFirstFile failed for [\\?\C:\$Windows.~WS\*]; GLE = 0x3[gle=0x00000003]
2025-07-12 21:15:17, Error                        EnumeratePathEx: FindFirstFile failed for [\\?\C:\ESD\Download\*]; GLE = 0x3[gle=0x00000003]
2025-07-14 12:51:01, Error                        EnumeratePathEx: FindFirstFile failed for [\\?\C:\$Windows.~BT\*]; GLE = 0x3[gle=0x00000003]
2025-07-15 23:23:03, Error                        EnumeratePathEx: FindFirstFile failed for [\\?\C:\$Windows.~BT\*]; GLE = 0x3[gle=0x00000003]
2025-07-15 23:23:08, Error                        EnumeratePathEx: FindFirstFile failed for [\\?\C:\$WINDOWS.~Q\*]; GLE = 0x3[gle=0x00000003]
2025-07-15 23:23:08, Error                        EnumeratePathEx: FindFirstFile failed for [\\?\C:\$INPLACE.~TR\*]; GLE = 0x3[gle=0x00000003]
2025-07-15 23:23:08, Error                        EnumeratePathEx: FindFirstFile failed for [\\?\C:\$Windows.~LS\*]; GLE = 0x3[gle=0x00000003]
2025-07-15 23:23:08, Error                        EnumeratePathEx: FindFirstFile failed for [\\?\C:\ESD\Windows\*]; GLE = 0x3[gle=0x00000003]
2025-07-15 23:23:08, Error                        EnumeratePathEx: FindFirstFile failed for [\\?\C:\$Windows.~WS\*]; GLE = 0x3[gle=0x00000003]
2025-07-15 23:23:08, Error                        EnumeratePathEx: FindFirstFile failed for [\\?\C:\ESD\Download\*]; GLE = 0x3[gle=0x00000003]
2025-07-17 07:24:15, Error                        EnumeratePathEx: FindFirstFile failed for [\\?\C:\$Windows.~BT\*]; GLE = 0x3[gle=0x00000003]
2025-07-17 07:24:25, Error                        EnumeratePathEx: FindFirstFile failed for [\\?\C:\$WINDOWS.~Q\*]; GLE = 0x3[gle=0x00000003]
2025-07-17 07:24:25, Error                        EnumeratePathEx: FindFirstFile failed for [\\?\C:\$INPLACE.~TR\*]; GLE = 0x3[gle=0x00000003]
2025-07-17 07:24:25, Error                        EnumeratePathEx: FindFirstFile failed for [\\?\C:\$Windows.~LS\*]; GLE = 0x3[gle=0x00000003]
2025-07-17 07:24:25, Error                        EnumeratePathEx: FindFirstFile failed for [\\?\C:\ESD\Windows\*]; GLE = 0x3[gle=0x00000003]
2025-07-17 07:24:25, Error                        EnumeratePathEx: FindFirstFile failed for [\\?\C:\$Windows.~WS\*]; GLE = 0x3[gle=0x00000003]
2025-07-17 07:24:25, Error                        EnumeratePathEx: FindFirstFile failed for [\\?\C:\ESD\Download\*]; GLE = 0x3[gle=0x00000003]
2025-07-18 11:08:55, Error                        EnumeratePathEx: FindFirstFile failed for [\\?\C:\$Windows.~BT\*]; GLE = 0x3[gle=0x00000003]
2025-07-18 11:11:05, Error                        EnumeratePathEx: FindFirstFile failed for [\\?\C:\$WINDOWS.~Q\*]; GLE = 0x3[gle=0x00000003]
2025-07-18 11:11:05, Error                        EnumeratePathEx: FindFirstFile failed for [\\?\C:\$INPLACE.~TR\*]; GLE = 0x3[gle=0x00000003]
2025-07-18 11:11:06, Error                        EnumeratePathEx: FindFirstFile failed for [\\?\C:\$Windows.~LS\*]; GLE = 0x3[gle=0x00000003]
2025-07-18 11:11:11, Error                        EnumeratePathEx: FindFirstFile failed for [\\?\C:\ESD\Windows\*]; GLE = 0x3[gle=0x00000003]
2025-07-18 11:11:11, Error                        EnumeratePathEx: FindFirstFile failed for [\\?\C:\$Windows.~WS\*]; GLE = 0x3[gle=0x00000003]
2025-07-18 11:11:11, Error                        EnumeratePathEx: FindFirstFile failed for [\\?\C:\ESD\Download\*]; GLE = 0x3[gle=0x00000003]
2025-07-19 14:11:01, Error                        EnumeratePathEx: FindFirstFile failed for [\\?\C:\$Windows.~BT\*]; GLE = 0x3[gle=0x00000003]
2025-07-19 14:11:44, Error                        EnumeratePathEx: FindFirstFile failed for [\\?\C:\$WINDOWS.~Q\*]; GLE = 0x3[gle=0x00000003]
2025-07-19 14:11:44, Error                        EnumeratePathEx: FindFirstFile failed for [\\?\C:\$INPLACE.~TR\*]; GLE = 0x3[gle=0x00000003]
2025-07-19 14:11:44, Error                        EnumeratePathEx: FindFirstFile failed for [\\?\C:\$Windows.~LS\*]; GLE = 0x3[gle=0x00000003]
2025-07-19 14:11:50, Error                        EnumeratePathEx: FindFirstFile failed for [\\?\C:\ESD\Windows\*]; GLE = 0x3[gle=0x00000003]
2025-07-19 14:11:50, Error                        EnumeratePathEx: FindFirstFile failed for [\\?\C:\$Windows.~WS\*]; GLE = 0x3[gle=0x00000003]
2025-07-19 14:11:50, Error                        EnumeratePathEx: FindFirstFile failed for [\\?\C:\ESD\Download\*]; GLE = 0x3[gle=0x00000003]
2025-07-19 14:39:16, Error                        EnumeratePathEx: FindFirstFile failed for [\\?\C:\$Windows.~BT\*]; GLE = 0x3[gle=0x00000003]
2025-07-19 14:39:32, Error                        EnumeratePathEx: FindFirstFile failed for [\\?\C:\$WINDOWS.~Q\*]; GLE = 0x3[gle=0x00000003]
2025-07-19 14:39:32, Error                        EnumeratePathEx: FindFirstFile failed for [\\?\C:\$INPLACE.~TR\*]; GLE = 0x3[gle=0x00000003]
2025-07-19 14:39:32, Error                        EnumeratePathEx: FindFirstFile failed for [\\?\C:\$Windows.~LS\*]; GLE = 0x3[gle=0x00000003]
2025-07-19 14:39:32, Error                        EnumeratePathEx: FindFirstFile failed for [\\?\C:\ESD\Windows\*]; GLE = 0x3[gle=0x00000003]
2025-07-19 14:39:32, Error                        EnumeratePathEx: FindFirstFile failed for [\\?\C:\$Windows.~WS\*]; GLE = 0x3[gle=0x00000003]
2025-07-19 14:39:32, Error                        EnumeratePathEx: FindFirstFile failed for [\\?\C:\ESD\Download\*]; GLE = 0x3[gle=0x00000003]
2025-07-22 01:34:08, Error                        EnumeratePathEx: FindFirstFile failed for [\\?\C:\$Windows.~BT\*]; GLE = 0x3[gle=0x00000003]
2025-07-22 01:38:18, Error                        EnumeratePathEx: FindFirstFile failed for [\\?\C:\$WINDOWS.~Q\*]; GLE = 0x3[gle=0x00000003]
2025-07-22 01:38:21, Error                        EnumeratePathEx: FindFirstFile failed for [\\?\C:\$INPLACE.~TR\*]; GLE = 0x3[gle=0x00000003]
2025-07-22 01:38:21, Error                        EnumeratePathEx: FindFirstFile failed for [\\?\C:\$Windows.~LS\*]; GLE = 0x3[gle=0x00000003]
2025-07-22 01:38:44, Error                        EnumeratePathEx: FindFirstFile failed for [\\?\C:\ESD\Windows\*]; GLE = 0x3[gle=0x00000003]
2025-07-22 01:38:44, Error                        EnumeratePathEx: FindFirstFile failed for [\\?\C:\$Windows.~WS\*]; GLE = 0x3[gle=0x00000003]
2025-07-22 01:38:44, Error                        EnumeratePathEx: FindFirstFile failed for [\\?\C:\ESD\Download\*]; GLE = 0x3[gle=0x00000003]
2025-07-25 06:49:01, Error                        EnumeratePathEx: FindFirstFile failed for [\\?\C:\$Windows.~BT\*]; GLE = 0x3[gle=0x00000003]
2025-07-25 06:49:16, Error                        EnumeratePathEx: FindFirstFile failed for [\\?\C:\$WINDOWS.~Q\*]; GLE = 0x3[gle=0x00000003]
2025-07-25 06:49:16, Error                        EnumeratePathEx: FindFirstFile failed for [\\?\C:\$INPLACE.~TR\*]; GLE = 0x3[gle=0x00000003]
2025-07-25 06:49:16, Error                        EnumeratePathEx: FindFirstFile failed for [\\?\C:\$Windows.~LS\*]; GLE = 0x3[gle=0x00000003]
2025-07-25 06:49:16, Error                        EnumeratePathEx: FindFirstFile failed for [\\?\C:\ESD\Windows\*]; GLE = 0x3[gle=0x00000003]
2025-07-25 06:49:16, Error                        EnumeratePathEx: FindFirstFile failed for [\\?\C:\$Windows.~WS\*]; GLE = 0x3[gle=0x00000003]
2025-07-25 06:49:16, Error                        EnumeratePathEx: FindFirstFile failed for [\\?\C:\ESD\Download\*]; GLE = 0x3[gle=0x00000003]
2025-07-25 22:01:31, Error                        EnumeratePathEx: FindFirstFile failed for [\\?\C:\$Windows.~BT\*]; GLE = 0x3[gle=0x00000003]
2025-07-25 22:02:01, Error                        EnumeratePathEx: FindFirstFile failed for [\\?\C:\$WINDOWS.~Q\*]; GLE = 0x3[gle=0x00000003]
2025-07-25 22:02:01, Error                        EnumeratePathEx: FindFirstFile failed for [\\?\C:\$INPLACE.~TR\*]; GLE = 0x3[gle=0x00000003]
2025-07-25 22:02:01, Error                        EnumeratePathEx: FindFirstFile failed for [\\?\C:\$Windows.~LS\*]; GLE = 0x3[gle=0x00000003]
2025-07-25 22:02:03, Error                        EnumeratePathEx: FindFirstFile failed for [\\?\C:\ESD\Windows\*]; GLE = 0x3[gle=0x00000003]
2025-07-25 22:02:03, Error                        EnumeratePathEx: FindFirstFile failed for [\\?\C:\$Windows.~WS\*]; GLE = 0x3[gle=0x00000003]
2025-07-25 22:02:03, Error                        EnumeratePathEx: FindFirstFile failed for [\\?\C:\ESD\Download\*]; GLE = 0x3[gle=0x00000003]
2025-07-25 22:29:18, Error                        EnumeratePathEx: FindFirstFile failed for [\\?\C:\$Windows.~BT\*]; GLE = 0x3[gle=0x00000003]
2025-07-25 22:29:33, Error                        EnumeratePathEx: FindFirstFile failed for [\\?\C:\$WINDOWS.~Q\*]; GLE = 0x3[gle=0x00000003]
2025-07-25 22:29:33, Error                        EnumeratePathEx: FindFirstFile failed for [\\?\C:\$INPLACE.~TR\*]; GLE = 0x3[gle=0x00000003]
2025-07-25 22:29:33, Error                        EnumeratePathEx: FindFirstFile failed for [\\?\C:\$Windows.~LS\*]; GLE = 0x3[gle=0x00000003]
2025-07-25 22:29:34, Error                        EnumeratePathEx: FindFirstFile failed for [\\?\C:\ESD\Windows\*]; GLE = 0x3[gle=0x00000003]
2025-07-25 22:29:34, Error                        EnumeratePathEx: FindFirstFile failed for [\\?\C:\$Windows.~WS\*]; GLE = 0x3[gle=0x00000003]
2025-07-25 22:29:34, Error                        EnumeratePathEx: FindFirstFile failed for [\\?\C:\ESD\Download\*]; GLE = 0x3[gle=0x00000003]
2025-07-31 20:12:10, Error                        EnumeratePathEx: FindFirstFile failed for [\\?\C:\$Windows.~BT\*]; GLE = 0x3[gle=0x00000003]
2025-07-31 20:12:22, Error                        EnumeratePathEx: FindFirstFile failed for [\\?\C:\$WINDOWS.~Q\*]; GLE = 0x3[gle=0x00000003]
2025-07-31 20:12:22, Error                        EnumeratePathEx: FindFirstFile failed for [\\?\C:\$INPLACE.~TR\*]; GLE = 0x3[gle=0x00000003]
2025-07-31 20:12:22, Error                        EnumeratePathEx: FindFirstFile failed for [\\?\C:\$Windows.~LS\*]; GLE = 0x3[gle=0x00000003]
2025-07-31 20:12:22, Error                        EnumeratePathEx: FindFirstFile failed for [\\?\C:\ESD\Windows\*]; GLE = 0x3[gle=0x00000003]
2025-07-31 20:12:22, Error                        EnumeratePathEx: FindFirstFile failed for [\\?\C:\$Windows.~WS\*]; GLE = 0x3[gle=0x00000003]
2025-07-31 20:12:22, Error                        EnumeratePathEx: FindFirstFile failed for [\\?\C:\ESD\Download\*]; GLE = 0x3[gle=0x00000003]
2025-07-31 21:24:00, Error                        EnumeratePathEx: FindFirstFile failed for [\\?\C:\$Windows.~BT\*]; GLE = 0x3[gle=0x00000003]
2025-07-31 21:24:38, Error                        EnumeratePathEx: FindFirstFile failed for [\\?\C:\$WINDOWS.~Q\*]; GLE = 0x3[gle=0x00000003]
2025-07-31 21:24:39, Error                        EnumeratePathEx: FindFirstFile failed for [\\?\C:\$INPLACE.~TR\*]; GLE = 0x3[gle=0x00000003]
2025-07-31 21:24:39, Error                        EnumeratePathEx: FindFirstFile failed for [\\?\C:\$Windows.~LS\*]; GLE = 0x3[gle=0x00000003]
2025-07-31 21:24:45, Error                        EnumeratePathEx: FindFirstFile failed for [\\?\C:\ESD\Windows\*]; GLE = 0x3[gle=0x00000003]
2025-07-31 21:24:45, Error                        EnumeratePathEx: FindFirstFile failed for [\\?\C:\$Windows.~WS\*]; GLE = 0x3[gle=0x00000003]
2025-07-31 21:24:45, Error                        EnumeratePathEx: FindFirstFile failed for [\\?\C:\ESD\Download\*]; GLE = 0x3[gle=0x00000003]
2025-08-01 13:18:16, Error                        EnumeratePathEx: FindFirstFile failed for [\\?\C:\$Windows.~BT\*]; GLE = 0x3[gle=0x00000003]
2025-08-01 13:18:46, Error                        EnumeratePathEx: FindFirstFile failed for [\\?\C:\$WINDOWS.~Q\*]; GLE = 0x3[gle=0x00000003]
2025-08-01 13:18:46, Error                        EnumeratePathEx: FindFirstFile failed for [\\?\C:\$INPLACE.~TR\*]; GLE = 0x3[gle=0x00000003]
2025-08-01 13:18:46, Error                        EnumeratePathEx: FindFirstFile failed for [\\?\C:\$Windows.~LS\*]; GLE = 0x3[gle=0x00000003]
2025-08-01 13:18:48, Error                        EnumeratePathEx: FindFirstFile failed for [\\?\C:\ESD\Windows\*]; GLE = 0x3[gle=0x00000003]
2025-08-01 13:18:48, Error                        EnumeratePathEx: FindFirstFile failed for [\\?\C:\$Windows.~WS\*]; GLE = 0x3[gle=0x00000003]
2025-08-01 13:18:48, Error                        EnumeratePathEx: FindFirstFile failed for [\\?\C:\ESD\Download\*]; GLE = 0x3[gle=0x00000003]
2025-08-01 15:03:18, Error                        EnumeratePathEx: FindFirstFile failed for [\\?\C:\$Windows.~BT\*]; GLE = 0x3[gle=0x00000003]
2025-08-01 15:03:26, Error                        EnumeratePathEx: FindFirstFile failed for [\\?\C:\$WINDOWS.~Q\*]; GLE = 0x3[gle=0x00000003]
2025-08-01 15:03:26, Error                        EnumeratePathEx: FindFirstFile failed for [\\?\C:\$INPLACE.~TR\*]; GLE = 0x3[gle=0x00000003]
2025-08-01 15:03:26, Error                        EnumeratePathEx: FindFirstFile failed for [\\?\C:\$Windows.~LS\*]; GLE = 0x3[gle=0x00000003]
2025-08-01 15:03:27, Error                        EnumeratePathEx: FindFirstFile failed for [\\?\C:\ESD\Windows\*]; GLE = 0x3[gle=0x00000003]
2025-08-01 15:03:27, Error                        EnumeratePathEx: FindFirstFile failed for [\\?\C:\$Windows.~WS\*]; GLE = 0x3[gle=0x00000003]
2025-08-01 15:03:27, Error                        EnumeratePathEx: FindFirstFile failed for [\\?\C:\ESD\Download\*]; GLE = 0x3[gle=0x00000003]
